nohup: ignoring input
2020-11-08 01:19:43.235727: I tensorflow_serving/model_servers/server.cc:87] Building single TensorFlow model file config:  model_name: nude_model model_base_path: /home/guilo/mba-tcc/modelos/gerados/nude_classifier_saved/
2020-11-08 01:19:43.235880: I tensorflow_serving/model_servers/server_core.cc:464] Adding/updating models.
2020-11-08 01:19:43.235892: I tensorflow_serving/model_servers/server_core.cc:575]  (Re-)adding model: nude_model
2020-11-08 01:19:43.337018: I tensorflow_serving/core/basic_manager.cc:739] Successfully reserved resources to load servable {name: nude_model version: 1}
2020-11-08 01:19:43.337095: I tensorflow_serving/core/loader_harness.cc:66] Approving load for servable version {name: nude_model version: 1}
2020-11-08 01:19:43.337106: I tensorflow_serving/core/loader_harness.cc:74] Loading servable version {name: nude_model version: 1}
2020-11-08 01:19:43.337130: I external/org_tensorflow/tensorflow/cc/saved_model/reader.cc:31] Reading SavedModel from: /home/guilo/mba-tcc/modelos/gerados/nude_classifier_saved/1
2020-11-08 01:19:43.414966: I external/org_tensorflow/tensorflow/cc/saved_model/reader.cc:54] Reading meta graph with tags { serve }
2020-11-08 01:19:43.415002: I external/org_tensorflow/tensorflow/cc/saved_model/loader.cc:234] Reading SavedModel debug info (if present) from: /home/guilo/mba-tcc/modelos/gerados/nude_classifier_saved/1
2020-11-08 01:19:43.415072: I external/org_tensorflow/tensorflow/core/platform/cpu_feature_guard.cc:142] This TensorFlow binary is optimized with oneAPI Deep Neural Network Library (oneDNN)to use the following CPU instructions in performance-critical operations:  AVX2 FMA
To enable them in other operations, rebuild TensorFlow with the appropriate compiler flags.
2020-11-08 01:19:43.635991: I external/org_tensorflow/tensorflow/cc/saved_model/loader.cc:199] Restoring SavedModel bundle.
2020-11-08 01:19:44.345023: I external/org_tensorflow/tensorflow/cc/saved_model/loader.cc:183] Running initialization op on SavedModel bundle at path: /home/guilo/mba-tcc/modelos/gerados/nude_classifier_saved/1
2020-11-08 01:19:44.595145: I external/org_tensorflow/tensorflow/cc/saved_model/loader.cc:303] SavedModel load for tags { serve }; Status: success: OK. Took 1258007 microseconds.
2020-11-08 01:19:44.644413: I tensorflow_serving/servables/tensorflow/saved_model_warmup_util.cc:59] No warmup data file found at /home/guilo/mba-tcc/modelos/gerados/nude_classifier_saved/1/assets.extra/tf_serving_warmup_requests
2020-11-08 01:19:44.646899: I tensorflow_serving/core/loader_harness.cc:87] Successfully loaded servable version {name: nude_model version: 1}
2020-11-08 01:19:44.651680: I tensorflow_serving/model_servers/server.cc:367] Running gRPC ModelServer at 0.0.0.0:8500 ...
[evhttp_server.cc : 223] NET_LOG: Couldn't bind to port 8501
[evhttp_server.cc : 63] NET_LOG: Server has not been terminated. Force termination now.
[evhttp_server.cc : 258] NET_LOG: Server is not running ...
2020-11-08 01:19:44.664712: E tensorflow_serving/model_servers/server.cc:389] Failed to start HTTP Server at localhost:8501
