05-Nov-20 01:53:51 - INFO - PROCESSO INICIADO
05-Nov-20 01:53:55 - INFO - BIBLIOTECAS IMPORTADAS
05-Nov-20 01:53:55 - INFO - CONFIGURAÇÕES IMPORTADAS
05-Nov-20 01:53:55 - INFO - SESSÃO REINICIALIZADA COM SUCESSO
05-Nov-20 01:53:56 - INFO - AJUSTES DE USO DE GPU FINALIZADO COM SUCESSO
05-Nov-20 01:53:56 - INFO - PESOS DO MODELO IMPORTADOS COM SUCESSO
05-Nov-20 01:54:02 - INFO - MODELO IMPORTADO COM SUCESSO
05-Nov-20 01:54:03 - INFO - ALTERAÇÃO NAS CAMADAS DO MODELO COM SUCESSO
05-Nov-20 01:54:03 - INFO - CAMADAS INICIAIS ATUALIZADAS COM SUCESSO
05-Nov-20 01:54:03 - INFO - NOVAS CAMADAS CONFIGURADAS COM SUCESSO
05-Nov-20 01:54:03 - INFO - NOVAS CAMADAS ADICIONADAS AO MODELO COM SUCESSO
05-Nov-20 01:54:03 - INFO - VERIFICAÇÃO DE CHECKPOINT
05-Nov-20 01:54:03 - INFO - INICIALIZACAO DO CALLBACK REALIZADO
05-Nov-20 01:54:03 - INFO - MODELO COMPILADO COM SUCESSO
05-Nov-20 01:54:06 - INFO - IMAGENS IMPORTADAS COM SUCESSO
05-Nov-20 01:54:06 - INFO - INICIO DO TREINAMENTO
05-Nov-20 01:54:22 - WARNING - From C:\ProgramData\Anaconda3\lib\site-packages\tensorflow\python\ops\summary_ops_v2.py:1277: stop (from tensorflow.python.eager.profiler) is deprecated and will be removed after 2020-07-01.
Instructions for updating:
use `tf.profiler.experimental.stop` instead.
05-Nov-20 01:55:25 - WARNING - Can save best model only with val_acc available, skipping.
05-Nov-20 01:56:28 - WARNING - Can save best model only with val_acc available, skipping.
05-Nov-20 01:57:33 - WARNING - Can save best model only with val_acc available, skipping.
05-Nov-20 01:58:40 - WARNING - Can save best model only with val_acc available, skipping.
05-Nov-20 01:59:52 - WARNING - Can save best model only with val_acc available, skipping.
05-Nov-20 02:01:00 - WARNING - Can save best model only with val_acc available, skipping.
05-Nov-20 02:02:10 - WARNING - Can save best model only with val_acc available, skipping.
05-Nov-20 02:03:19 - WARNING - Can save best model only with val_acc available, skipping.
05-Nov-20 02:04:28 - WARNING - Can save best model only with val_acc available, skipping.
05-Nov-20 02:05:37 - WARNING - Can save best model only with val_acc available, skipping.
05-Nov-20 02:06:46 - WARNING - Can save best model only with val_acc available, skipping.
05-Nov-20 02:07:54 - WARNING - Can save best model only with val_acc available, skipping.
05-Nov-20 02:09:03 - WARNING - Can save best model only with val_acc available, skipping.
05-Nov-20 02:10:12 - WARNING - Can save best model only with val_acc available, skipping.
05-Nov-20 02:11:21 - WARNING - Can save best model only with val_acc available, skipping.
05-Nov-20 02:12:33 - WARNING - Can save best model only with val_acc available, skipping.
05-Nov-20 02:13:41 - WARNING - Can save best model only with val_acc available, skipping.
05-Nov-20 02:14:50 - WARNING - Can save best model only with val_acc available, skipping.
05-Nov-20 02:15:59 - WARNING - Can save best model only with val_acc available, skipping.
05-Nov-20 02:17:09 - WARNING - Can save best model only with val_acc available, skipping.
05-Nov-20 02:18:18 - WARNING - Can save best model only with val_acc available, skipping.
05-Nov-20 02:19:27 - WARNING - Can save best model only with val_acc available, skipping.
05-Nov-20 02:20:37 - WARNING - Can save best model only with val_acc available, skipping.
05-Nov-20 02:21:46 - WARNING - Can save best model only with val_acc available, skipping.
05-Nov-20 02:22:55 - WARNING - Can save best model only with val_acc available, skipping.
05-Nov-20 02:24:04 - WARNING - Can save best model only with val_acc available, skipping.
05-Nov-20 02:24:04 - INFO - FINAL DO TREINAMENTO
05-Nov-20 02:37:25 - WARNING - From C:\ProgramData\Anaconda3\lib\site-packages\tensorflow\python\training\tracking\tracking.py:111: Model.state_updates (from tensorflow.python.keras.engine.training) is deprecated and will be removed in a future version.
Instructions for updating:
This property should not be used in TensorFlow 2.0, as updates are applied automatically.
05-Nov-20 02:37:25 - WARNING - From C:\ProgramData\Anaconda3\lib\site-packages\tensorflow\python\training\tracking\tracking.py:111: Layer.updates (from tensorflow.python.keras.engine.base_layer) is deprecated and will be removed in a future version.
Instructions for updating:
This property should not be used in TensorFlow 2.0, as updates are applied automatically.
05-Nov-20 02:38:04 - INFO - Assets written to: ./modelos/gerados/nude_classifier_saved/assets
05-Nov-20 02:38:12 - INFO - MODELO SavedModel SALVO COM SUCESSO
05-Nov-20 02:38:14 - INFO - PESOS DO MODELO SALVOS COM SUCESSO
05-Nov-20 02:38:14 - INFO - MODELO .JSON SALVO COM SUCESSO
05-Nov-20 02:38:14 - INFO - MODELOs SALVOS COM SUCESSO
05-Nov-20 02:38:57 - INFO - Final loss: 0.49
05-Nov-20 02:38:57 - INFO - Final accuracy: 94.13%
05-Nov-20 02:38:58 - INFO - GRÁFICO DE ACURÁCIA GERADO COM SUCESSO
05-Nov-20 02:38:58 - INFO - GRÁFICO DE LOSS GERADO COM SUCESSO
05-Nov-20 02:38:58 - INFO - PROCESSO FINALIZADO
05-Nov-20 03:03:12 - INFO - Assets written to: ./modelos/gerados/nude_classifier_saved_v2/assets
05-Nov-20 03:03:20 - INFO - MODELO SavedModel SALVO COM SUCESSO
05-Nov-20 03:03:21 - INFO - PESOS DO MODELO SALVOS COM SUCESSO
05-Nov-20 03:03:21 - INFO - MODELO .JSON SALVO COM SUCESSO
05-Nov-20 03:03:21 - INFO - MODELOs SALVOS COM SUCESSO
05-Nov-20 04:27:26 - INFO - Assets written to: ./modelos/gerados/nude_classifier_saved/assets
05-Nov-20 04:27:34 - INFO - MODELO SavedModel SALVO COM SUCESSO
05-Nov-20 04:27:34 - INFO - MODELOs SALVOS COM SUCESSO
